<?xml version="1.0" encoding="UTF-8"?>
<!-- Generated by org.testng.reporters.JUnitReportReporter -->
<testsuite hostname="DESKTOP-K0O982J" name="cchch.gfh" tests="1" failures="0" timestamp="13 Jul 2020 09:42:46 GMT" time="18.538" errors="0">
  <testcase name="rithvik" time="18.538" classname="cchch.gfh"/>
</testsuite> <!-- cchch.gfh -->
