<?xml version="1.0" encoding="UTF-8"?>
<!-- Generated by org.testng.reporters.JUnitReportReporter -->
<testsuite hostname="DESKTOP-K0O982J" name="fr.ghdg" tests="1" failures="0" timestamp="10 Jul 2020 19:57:37 GMT" time="49.755" errors="1">
  <testcase name="loginApplication" time="49.755" classname="fr.ghdg">
    <error type="org.openqa.selenium.WebDriverException" message="Failed to connect to binary FirefoxBinary(C:\Program Files\Mozilla Firefox\firefox.exe) on port 7055; process output follows: 
rsion&quot;:&quot;1.1&quot;},&quot;bing@search.mozilla.org&quot;:{&quot;dependencies&quot;:[],&quot;enabled&quot;:true,&quot;loader&quot;:null,&quot;path&quot;:null,&quot;rootURI&quot;:&quot;resource://search-extensions/bing/&quot;,&quot;runInSafeMode&quot;:true,&quot;telemetryKey&quot;:&quot;bing%40search.mozilla.org:1.0&quot;,&quot;version&quot;:&quot;1.0&quot;},&quot;ddg@search.mozilla.org&quot;:{&quot;dependencies&quot;:[],&quot;enabled&quot;:true,&quot;loader&quot;:null,&quot;path&quot;:null,&quot;rootURI&quot;:&quot;resource://search-extensions/ddg/&quot;,&quot;runInSafeMode&quot;:true,&quot;telemetryKey&quot;:&quot;ddg%40search.mozilla.org:1.0&quot;,&quot;version&quot;:&quot;1.0&quot;},&quot;ebay@search.mozilla.org&quot;:{&quot;dependencies&quot;:[],&quot;enabled&quot;:true,&quot;loader&quot;:null,&quot;path&quot;:null,&quot;rootURI&quot;:&quot;resource://search-extensions/ebay/&quot;,&quot;runInSafeMode&quot;:true,&quot;telemetryKey&quot;:&quot;ebay%40search.mozilla.org:1.0&quot;,&quot;version&quot;:&quot;1.0&quot;},&quot;twitter@search.mozilla.org&quot;:{&quot;dependencies&quot;:[],&quot;enabled&quot;:true,&quot;loader&quot;:null,&quot;path&quot;:null,&quot;rootURI&quot;:&quot;resource://search-extensions/twitter/&quot;,&quot;runInSafeMode&quot;:true,&quot;telemetryKey&quot;:&quot;twitter%40search.mozilla.org:1.0&quot;,&quot;version&quot;:&quot;1.0&quot;},&quot;wikipedia@search.mozilla.org&quot;:{&quot;dependencies&quot;:[],&quot;enabled&quot;:true,&quot;loader&quot;:null,&quot;path&quot;:null,&quot;rootURI&quot;:&quot;resource://search-extensions/wikipedia/&quot;,&quot;runInSafeMode&quot;:true,&quot;telemetryKey&quot;:&quot;wikipedia%40search.mozilla.org:1.0&quot;,&quot;version&quot;:&quot;1.0&quot;}},&quot;staged&quot;:{}}: null
1594411013928	addons.xpi	DEBUG	Updating XPIState for {&quot;id&quot;:&quot;amazon@search.mozilla.org&quot;,&quot;syncGUID&quot;:&quot;{fe16ca1b-d5cd-4de8-ba30-f71d8b1351df}&quot;,&quot;version&quot;:&quot;1.1&quot;,&quot;type&quot;:&quot;extension&quot;,&quot;loader&quot;:null,&quot;updateURL&quot;:null,&quot;optionsURL&quot;:null,&quot;optionsType&quot;:null,&quot;optionsBrowserStyle&quot;:true,&quot;aboutURL&quot;:null,&quot;defaultLocale&quot;:{&quot;name&quot;:&quot;Amazon.com.au&quot;,&quot;description&quot;:&quot;Amazon.com.au Search&quot;,&quot;creator&quot;:null,&quot;developers&quot;:null,&quot;translators&quot;:null,&quot;contributors&quot;:null},&quot;visible&quot;:true,&quot;active&quot;:true,&quot;userDisabled&quot;:false,&quot;appDisabled&quot;:false,&quot;installDate&quot;:1594411013927,&quot;applyBackgroundUpdates&quot;:1,&quot;path&quot;:null,&quot;skinnable&quot;:false,&quot;sourceURI&quot;:null,&quot;releaseNotesURI&quot;:null,&quot;softDisabled&quot;:false,&quot;foreignInstall&quot;:false,&quot;strictCompatibility&quot;:true,&quot;locales&quot;:[{&quot;name&quot;:&quot;Amazon.com.au&quot;,&quot;description&quot;:&quot;Amazon.com.au Search&quot;,&quot;creator&quot;:null,&quot;developers&quot;:null,&quot;translators&quot;:null,&quot;contributors&quot;:null,&quot;locales&quot;:[&quot;au&quot;]},{&quot;name&quot;:&quot;Amazon.ca&quot;,&quot;description&quot;:&quot;Amazon.ca Search&quot;,&quot;creator&quot;:null,&quot;developers&quot;:null,&quot;translators&quot;:null,&quot;contributors&quot;:null,&quot;locales&quot;:[&quot;ca&quot;]},{&quot;name&quot;:&quot;Amazon.fr&quot;,&quot;description&quot;:&quot;Recherche Amazon.fr&quot;,&quot;creator&quot;:null,&quot;developers&quot;:null,&quot;translators&quot;:null,&quot;contributors&quot;:null,&quot;locales&quot;:[&quot;france&quot;]},{&quot;name&quot;:&quot;Amazon.nl&quot;,&quot;description&quot;:&quot;Amazon.nl Search&quot;,&quot;creator&quot;:null,&quot;developers&quot;:null,&quot;translators&quot;:null,&quot;contributors&quot;:null,&quot;locales&quot;:[&quot;nl&quot;]},{&quot;name&quot;:&quot;Amazon.co.uk&quot;,&quot;description&quot;:&quot;Amazon.co.uk Search&quot;,&quot;creator&quot;:null,&quot;developers&quot;:null,&quot;translators&quot;:null,&quot;contributors&quot;:null,&quot;locales&quot;:[&quot;en-GB&quot;]},{&quot;name&quot;:&quot;Amazon.co.jp&quot;,&quot;description&quot;:&quot;Amazon.co.jp Search&quot;,&quot;creator&quot;:null,&quot;developers&quot;:null,&quot;translators&quot;:null,&quot;contributors&quot;:null,&quot;locales&quot;:[&quot;jp&quot;]},{&quot;name&quot;:&quot;Amazon.com.mx&quot;,&quot;description&quot;:&quot;Amazon.com.mx Search&quot;,&quot;creator&quot;:null,&quot;developers&quot;:null,&quot;translators&quot;:null,&quot;contributors&quot;:null,&quot;locales&quot;:[&quot;mx&quot;]},{&quot;name&quot;:&quot;Amazon.it&quot;,&quot;description&quot;:&quot;Ricerca Amazon.it&quot;,&quot;creator&quot;:null,&quot;developers&quot;:null,&quot;translators&quot;:null,&quot;contributors&quot;:null,&quot;locales&quot;:[&quot;it&quot;]},{&quot;name&quot;:&quot;Amazon.de&quot;,&quot;description&quot;:&quot;Amazon.de Suche&quot;,&quot;creator&quot;:null,&quot;developers&quot;:null,&quot;translators&quot;:null,&quot;contributors&quot;:null,&quot;locales&quot;:[&quot;de&quot;]},{&quot;name&quot;:&quot;Amazon.in&quot;,&quot;description&quot;:&quot;Amazon.in Search&quot;,&quot;creator&quot;:null,&quot;developers&quot;:null,&quot;translators&quot;:null,&quot;contributors&quot;:null,&quot;locales&quot;:[&quot;in&quot;]}],&quot;targetApplications&quot;:[{&quot;id&quot;:&quot;toolkit@mozilla.org&quot;,&quot;minVersion&quot;:null,&quot;maxVersion&quot;:null}],&quot;targetPlatforms&quot;:[],&quot;seen&quot;:true,&quot;dependencies&quot;:[],&quot;incognito&quot;:&quot;spanning&quot;,&quot;userPermissions&quot;:{&quot;permissions&quot;:[],&quot;origins&quot;:[]},&quot;icons&quot;:{&quot;16&quot;:&quot;favicon.ico&quot;},&quot;iconURL&quot;:null,&quot;blocklistState&quot;:0,&quot;blocklistURL&quot;:null,&quot;startupData&quot;:null,&quot;hidden&quot;:true,&quot;installTelemetryInfo&quot;:null,&quot;recommendationState&quot;:null,&quot;rootURI&quot;:&quot;resource://search-extensions/amazon/&quot;,&quot;location&quot;:&quot;app-builtin&quot;}
1594411013928	addons.xpi	DEBUG	Loading bootstrap scope from resource://search-extensions/amazon/
1594411013928	addons.xpi	DEBUG	Calling bootstrap method install on amazon@search.mozilla.org version 1.1
1594411013929	addons.xpi	DEBUG	Calling bootstrap method startup on amazon@search.mozilla.org version 1.1

Build info: version: &#039;2.53.0&#039;, revision: &#039;35ae25b&#039;, time: &#039;2016-03-15 16:57:40&#039;
System info: host: &#039;DESKTOP-K0O982J&#039;, ip: &#039;192.168.0.12&#039;, os.name: &#039;Windows 10&#039;, os.arch: &#039;amd64&#039;, os.version: &#039;10.0&#039;, java.version: &#039;1.8.0_241&#039;
Driver info: driver.version: FirefoxDriver">
      <![CDATA[org.openqa.selenium.WebDriverException: Failed to connect to binary FirefoxBinary(C:\Program Files\Mozilla Firefox\firefox.exe) on port 7055; process output follows: 
rsion":"1.1"},"bing@search.mozilla.org":{"dependencies":[],"enabled":true,"loader":null,"path":null,"rootURI":"resource://search-extensions/bing/","runInSafeMode":true,"telemetryKey":"bing%40search.mozilla.org:1.0","version":"1.0"},"ddg@search.mozilla.org":{"dependencies":[],"enabled":true,"loader":null,"path":null,"rootURI":"resource://search-extensions/ddg/","runInSafeMode":true,"telemetryKey":"ddg%40search.mozilla.org:1.0","version":"1.0"},"ebay@search.mozilla.org":{"dependencies":[],"enabled":true,"loader":null,"path":null,"rootURI":"resource://search-extensions/ebay/","runInSafeMode":true,"telemetryKey":"ebay%40search.mozilla.org:1.0","version":"1.0"},"twitter@search.mozilla.org":{"dependencies":[],"enabled":true,"loader":null,"path":null,"rootURI":"resource://search-extensions/twitter/","runInSafeMode":true,"telemetryKey":"twitter%40search.mozilla.org:1.0","version":"1.0"},"wikipedia@search.mozilla.org":{"dependencies":[],"enabled":true,"loader":null,"path":null,"rootURI":"resource://search-extensions/wikipedia/","runInSafeMode":true,"telemetryKey":"wikipedia%40search.mozilla.org:1.0","version":"1.0"}},"staged":{}}: null
1594411013928	addons.xpi	DEBUG	Updating XPIState for {"id":"amazon@search.mozilla.org","syncGUID":"{fe16ca1b-d5cd-4de8-ba30-f71d8b1351df}","version":"1.1","type":"extension","loader":null,"updateURL":null,"optionsURL":null,"optionsType":null,"optionsBrowserStyle":true,"aboutURL":null,"defaultLocale":{"name":"Amazon.com.au","description":"Amazon.com.au Search","creator":null,"developers":null,"translators":null,"contributors":null},"visible":true,"active":true,"userDisabled":false,"appDisabled":false,"installDate":1594411013927,"applyBackgroundUpdates":1,"path":null,"skinnable":false,"sourceURI":null,"releaseNotesURI":null,"softDisabled":false,"foreignInstall":false,"strictCompatibility":true,"locales":[{"name":"Amazon.com.au","description":"Amazon.com.au Search","creator":null,"developers":null,"translators":null,"contributors":null,"locales":["au"]},{"name":"Amazon.ca","description":"Amazon.ca Search","creator":null,"developers":null,"translators":null,"contributors":null,"locales":["ca"]},{"name":"Amazon.fr","description":"Recherche Amazon.fr","creator":null,"developers":null,"translators":null,"contributors":null,"locales":["france"]},{"name":"Amazon.nl","description":"Amazon.nl Search","creator":null,"developers":null,"translators":null,"contributors":null,"locales":["nl"]},{"name":"Amazon.co.uk","description":"Amazon.co.uk Search","creator":null,"developers":null,"translators":null,"contributors":null,"locales":["en-GB"]},{"name":"Amazon.co.jp","description":"Amazon.co.jp Search","creator":null,"developers":null,"translators":null,"contributors":null,"locales":["jp"]},{"name":"Amazon.com.mx","description":"Amazon.com.mx Search","creator":null,"developers":null,"translators":null,"contributors":null,"locales":["mx"]},{"name":"Amazon.it","description":"Ricerca Amazon.it","creator":null,"developers":null,"translators":null,"contributors":null,"locales":["it"]},{"name":"Amazon.de","description":"Amazon.de Suche","creator":null,"developers":null,"translators":null,"contributors":null,"locales":["de"]},{"name":"Amazon.in","description":"Amazon.in Search","creator":null,"developers":null,"translators":null,"contributors":null,"locales":["in"]}],"targetApplications":[{"id":"toolkit@mozilla.org","minVersion":null,"maxVersion":null}],"targetPlatforms":[],"seen":true,"dependencies":[],"incognito":"spanning","userPermissions":{"permissions":[],"origins":[]},"icons":{"16":"favicon.ico"},"iconURL":null,"blocklistState":0,"blocklistURL":null,"startupData":null,"hidden":true,"installTelemetryInfo":null,"recommendationState":null,"rootURI":"resource://search-extensions/amazon/","location":"app-builtin"}
1594411013928	addons.xpi	DEBUG	Loading bootstrap scope from resource://search-extensions/amazon/
1594411013928	addons.xpi	DEBUG	Calling bootstrap method install on amazon@search.mozilla.org version 1.1
1594411013929	addons.xpi	DEBUG	Calling bootstrap method startup on amazon@search.mozilla.org version 1.1

Build info: version: '2.53.0', revision: '35ae25b', time: '2016-03-15 16:57:40'
System info: host: 'DESKTOP-K0O982J', ip: '192.168.0.12', os.name: 'Windows 10', os.arch: 'amd64', os.version: '10.0', java.version: '1.8.0_241'
Driver info: driver.version: FirefoxDriver
	at org.openqa.selenium.firefox.internal.NewProfileExtensionConnection.start(NewProfileExtensionConnection.java:124)
	at org.openqa.selenium.firefox.FirefoxDriver.startClient(FirefoxDriver.java:271)
	at org.openqa.selenium.remote.RemoteWebDriver.<init>(RemoteWebDriver.java:119)
	at org.openqa.selenium.firefox.FirefoxDriver.<init>(FirefoxDriver.java:218)
	at org.openqa.selenium.firefox.FirefoxDriver.<init>(FirefoxDriver.java:211)
	at org.openqa.selenium.firefox.FirefoxDriver.<init>(FirefoxDriver.java:207)
	at org.openqa.selenium.firefox.FirefoxDriver.<init>(FirefoxDriver.java:120)
	at fr.ghdg.loginApplication(ghdg.java:31)
	at sun.reflect.NativeMethodAccessorImpl.invoke0(Native Method)
	at sun.reflect.NativeMethodAccessorImpl.invoke(Unknown Source)
	at sun.reflect.DelegatingMethodAccessorImpl.invoke(Unknown Source)
	at java.lang.reflect.Method.invoke(Unknown Source)
	at org.testng.internal.MethodInvocationHelper.invokeMethod(MethodInvocationHelper.java:85)
	at org.testng.internal.Invoker.invokeMethod(Invoker.java:639)
	at org.testng.internal.Invoker.invokeTestMethod(Invoker.java:816)
	at org.testng.internal.Invoker.invokeTestMethods(Invoker.java:1124)
	at org.testng.internal.TestMethodWorker.invokeTestMethods(TestMethodWorker.java:125)
	at org.testng.internal.TestMethodWorker.run(TestMethodWorker.java:108)
	at org.testng.TestRunner.privateRun(TestRunner.java:774)
	at org.testng.TestRunner.run(TestRunner.java:624)
	at org.testng.SuiteRunner.runTest(SuiteRunner.java:359)
	at org.testng.SuiteRunner.runSequentially(SuiteRunner.java:354)
	at org.testng.SuiteRunner.privateRun(SuiteRunner.java:312)
	at org.testng.SuiteRunner.run(SuiteRunner.java:261)
	at org.testng.SuiteRunnerWorker.runSuite(SuiteRunnerWorker.java:52)
	at org.testng.SuiteRunnerWorker.run(SuiteRunnerWorker.java:86)
	at org.testng.TestNG.runSuitesSequentially(TestNG.java:1215)
	at org.testng.TestNG.runSuitesLocally(TestNG.java:1140)
	at org.testng.TestNG.run(TestNG.java:1048)
	at org.testng.remote.RemoteTestNG.run(RemoteTestNG.java:112)
	at org.testng.remote.RemoteTestNG.initAndRun(RemoteTestNG.java:205)
	at org.testng.remote.RemoteTestNG.main(RemoteTestNG.java:176)
Caused by: org.openqa.selenium.firefox.NotConnectedException: Unable to connect to host 127.0.0.1 on port 7055 after 45000 ms. Firefox console output:
rsion":"1.1"},"bing@search.mozilla.org":{"dependencies":[],"enabled":true,"loader":null,"path":null,"rootURI":"resource://search-extensions/bing/","runInSafeMode":true,"telemetryKey":"bing%40search.mozilla.org:1.0","version":"1.0"},"ddg@search.mozilla.org":{"dependencies":[],"enabled":true,"loader":null,"path":null,"rootURI":"resource://search-extensions/ddg/","runInSafeMode":true,"telemetryKey":"ddg%40search.mozilla.org:1.0","version":"1.0"},"ebay@search.mozilla.org":{"dependencies":[],"enabled":true,"loader":null,"path":null,"rootURI":"resource://search-extensions/ebay/","runInSafeMode":true,"telemetryKey":"ebay%40search.mozilla.org:1.0","version":"1.0"},"twitter@search.mozilla.org":{"dependencies":[],"enabled":true,"loader":null,"path":null,"rootURI":"resource://search-extensions/twitter/","runInSafeMode":true,"telemetryKey":"twitter%40search.mozilla.org:1.0","version":"1.0"},"wikipedia@search.mozilla.org":{"dependencies":[],"enabled":true,"loader":null,"path":null,"rootURI":"resource://search-extensions/wikipedia/","runInSafeMode":true,"telemetryKey":"wikipedia%40search.mozilla.org:1.0","version":"1.0"}},"staged":{}}: null
1594411013928	addons.xpi	DEBUG	Updating XPIState for {"id":"amazon@search.mozilla.org","syncGUID":"{fe16ca1b-d5cd-4de8-ba30-f71d8b1351df}","version":"1.1","type":"extension","loader":null,"updateURL":null,"optionsURL":null,"optionsType":null,"optionsBrowserStyle":true,"aboutURL":null,"defaultLocale":{"name":"Amazon.com.au","description":"Amazon.com.au Search","creator":null,"developers":null,"translators":null,"contributors":null},"visible":true,"active":true,"userDisabled":false,"appDisabled":false,"installDate":1594411013927,"applyBackgroundUpdates":1,"path":null,"skinnable":false,"sourceURI":null,"releaseNotesURI":null,"softDisabled":false,"foreignInstall":false,"strictCompatibility":true,"locales":[{"name":"Amazon.com.au","description":"Amazon.com.au Search","creator":null,"developers":null,"translators":null,"contributors":null,"locales":["au"]},{"name":"Amazon.ca","description":"Amazon.ca Search","creator":null,"developers":null,"translators":null,"contributors":null,"locales":["ca"]},{"name":"Amazon.fr","description":"Recherche Amazon.fr","creator":null,"developers":null,"translators":null,"contributors":null,"locales":["france"]},{"name":"Amazon.nl","description":"Amazon.nl Search","creator":null,"developers":null,"translators":null,"contributors":null,"locales":["nl"]},{"name":"Amazon.co.uk","description":"Amazon.co.uk Search","creator":null,"developers":null,"translators":null,"contributors":null,"locales":["en-GB"]},{"name":"Amazon.co.jp","description":"Amazon.co.jp Search","creator":null,"developers":null,"translators":null,"contributors":null,"locales":["jp"]},{"name":"Amazon.com.mx","description":"Amazon.com.mx Search","creator":null,"developers":null,"translators":null,"contributors":null,"locales":["mx"]},{"name":"Amazon.it","description":"Ricerca Amazon.it","creator":null,"developers":null,"translators":null,"contributors":null,"locales":["it"]},{"name":"Amazon.de","description":"Amazon.de Suche","creator":null,"developers":null,"translators":null,"contributors":null,"locales":["de"]},{"name":"Amazon.in","description":"Amazon.in Search","creator":null,"developers":null,"translators":null,"contributors":null,"locales":["in"]}],"targetApplications":[{"id":"toolkit@mozilla.org","minVersion":null,"maxVersion":null}],"targetPlatforms":[],"seen":true,"dependencies":[],"incognito":"spanning","userPermissions":{"permissions":[],"origins":[]},"icons":{"16":"favicon.ico"},"iconURL":null,"blocklistState":0,"blocklistURL":null,"startupData":null,"hidden":true,"installTelemetryInfo":null,"recommendationState":null,"rootURI":"resource://search-extensions/amazon/","location":"app-builtin"}
1594411013928	addons.xpi	DEBUG	Loading bootstrap scope from resource://search-extensions/amazon/
1594411013928	addons.xpi	DEBUG	Calling bootstrap method install on amazon@search.mozilla.org version 1.1
1594411013929	addons.xpi	DEBUG	Calling bootstrap method startup on amazon@search.mozilla.org version 1.1

	at org.openqa.selenium.firefox.internal.NewProfileExtensionConnection.start(NewProfileExtensionConnection.java:112)
	... 31 more
]]>
    </error>
  </testcase> <!-- loginApplication -->
</testsuite> <!-- fr.ghdg -->
